<?xml version="1.0" encoding="UTF-8"?>
<!-- Generated by org.testng.reporters.JUnitXMLReporter -->
<testsuite ignored="0" hostname="LAPTOP-EVN0A8MU" failures="0" tests="5" name="Default test(failed)" time="7.326" errors="0" timestamp="2022-10-24T16:57:57 IST">
  <testcase classname="com.ChaiPort.qa.testcases.CheckOutPageTest" name="@BeforeMethod SetUp" time="7.074">
    <failure type="org.openqa.selenium.NoSuchWindowException" message="no such window: target window already closed
from unknown error: web view not found
  (Session info: chrome=106.0.5249.119)
Build info: version: &amp;apos;4.3.0&amp;apos;, revision: &amp;apos;a4995e2c09*&amp;apos;
System info: host: &amp;apos;LAPTOP-EVN0A8MU&amp;apos;, ip: &amp;apos;192.168.93.111&amp;apos;, os.name: &amp;apos;Windows 10&amp;apos;, os.arch: &amp;apos;amd64&amp;apos;, os.version: &amp;apos;10.0&amp;apos;, java.version: &amp;apos;17.0.1&amp;apos;
Driver info: org.openqa.selenium.chrome.ChromeDriver
Command: [3b60059b2a73111c31217d87692d1623, findElement {using=xpath, value=//*[@id=&amp;quot;mySelect&amp;quot;]}]
Capabilities {acceptInsecureCerts: false, browserName: chrome, browserVersion: 106.0.5249.119, chrome: {chromedriverVersion: 106.0.5249.61 (511755355844..., userDataDir: C:\Users\ACC-152\AppData\Lo...}, goog:chromeOptions: {debuggerAddress: localhost:49722}, networkConnectionEnabled: false, pageLoadStrategy: normal, platformName: WINDOWS, proxy: Proxy(), se:cdp: ws://localhost:49722/devtoo..., se:cdpVersion: 106.0.5249.119, setWindowRect: true, strictFileInteractability: false, timeouts: {implicit: 0, pageLoad: 300000, script: 30000}, unhandledPromptBehavior: dismiss and notify, webauthn:extension:credBlob: true, webauthn:extension:largeBlob: true, webauthn:virtualAuthenticators: true}
Session ID: 3b60059b2a73111c31217d87692d1623">
      <![CDATA[org.openqa.selenium.NoSuchWindowException: no such window: target window already closed
from unknown error: web view not found
  (Session info: chrome=106.0.5249.119)
Build info: version: '4.3.0', revision: 'a4995e2c09*'
System info: host: 'LAPTOP-EVN0A8MU', ip: '192.168.93.111', os.name: 'Windows 10', os.arch: 'amd64', os.version: '10.0', java.version: '17.0.1'
Driver info: org.openqa.selenium.chrome.ChromeDriver
Command: [3b60059b2a73111c31217d87692d1623, findElement {using=xpath, value=//*[@id="mySelect"]}]
Capabilities {acceptInsecureCerts: false, browserName: chrome, browserVersion: 106.0.5249.119, chrome: {chromedriverVersion: 106.0.5249.61 (511755355844..., userDataDir: C:\Users\ACC-152\AppData\Lo...}, goog:chromeOptions: {debuggerAddress: localhost:49722}, networkConnectionEnabled: false, pageLoadStrategy: normal, platformName: WINDOWS, proxy: Proxy(), se:cdp: ws://localhost:49722/devtoo..., se:cdpVersion: 106.0.5249.119, setWindowRect: true, strictFileInteractability: false, timeouts: {implicit: 0, pageLoad: 300000, script: 30000}, unhandledPromptBehavior: dismiss and notify, webauthn:extension:credBlob: true, webauthn:extension:largeBlob: true, webauthn:virtualAuthenticators: true}
Session ID: 3b60059b2a73111c31217d87692d1623
at org.openqa.selenium.remote.codec.w3c.W3CHttpResponseCodec.createException(W3CHttpResponseCodec.java:200)
at org.openqa.selenium.remote.codec.w3c.W3CHttpResponseCodec.decode(W3CHttpResponseCodec.java:133)
at org.openqa.selenium.remote.codec.w3c.W3CHttpResponseCodec.decode(W3CHttpResponseCodec.java:53)
at org.openqa.selenium.remote.HttpCommandExecutor.execute(HttpCommandExecutor.java:184)
at org.openqa.selenium.remote.service.DriverCommandExecutor.invokeExecute(DriverCommandExecutor.java:167)
at org.openqa.selenium.remote.service.DriverCommandExecutor.execute(DriverCommandExecutor.java:142)
at org.openqa.selenium.remote.RemoteWebDriver.execute(RemoteWebDriver.java:569)
at org.openqa.selenium.remote.ElementLocation$ElementFinder$2.findElement(ElementLocation.java:162)
at org.openqa.selenium.remote.ElementLocation.findElement(ElementLocation.java:60)
at org.openqa.selenium.remote.RemoteWebDriver.findElement(RemoteWebDriver.java:387)
at org.openqa.selenium.remote.RemoteWebDriver.findElement(RemoteWebDriver.java:379)
at org.openqa.selenium.support.pagefactory.DefaultElementLocator.findElement(DefaultElementLocator.java:70)
at org.openqa.selenium.support.pagefactory.internal.LocatingElementHandler.invoke(LocatingElementHandler.java:39)
at jdk.proxy2/jdk.proxy2.$Proxy16.click(Unknown Source)
at com.ChaiPort.qa.pages.PaymentPage.Validate_Amount(PaymentPage.java:50)
at com.ChaiPort.qa.testcases.CheckOutPageTest.SetUp(CheckOutPageTest.java:31)
at java.base/java.util.ArrayList.forEach(ArrayList.java:1511)
... Removed 36 stack frames]]>
    </failure>
  </testcase> <!-- @BeforeMethod SetUp -->
  <testcase classname="com.ChaiPort.qa.testcases.CheckOutPageTest" name="@AfterMethod tearDown" time="-1.666610877225E9">
    <skipped/>
  </testcase> <!-- @AfterMethod tearDown -->
  <testcase classname="com.ChaiPort.qa.testcases.CheckOutPageTest" name="@BeforeMethod SetUp" time="-1.666610877242E9">
    <skipped/>
  </testcase> <!-- @BeforeMethod SetUp -->
  <testcase classname="com.ChaiPort.qa.testcases.CheckOutPageTest" name="@AfterMethod tearDown" time="-1.666610877265E9">
    <skipped/>
  </testcase> <!-- @AfterMethod tearDown -->
  <testcase classname="com.ChaiPort.qa.testcases.CheckOutPageTest" name="@BeforeMethod SetUp" time="-1.666610877269E9">
    <skipped/>
  </testcase> <!-- @BeforeMethod SetUp -->
  <testcase classname="com.ChaiPort.qa.testcases.CheckOutPageTest" name="@AfterMethod tearDown" time="-1.666610877289E9">
    <skipped/>
  </testcase> <!-- @AfterMethod tearDown -->
  <testcase classname="com.ChaiPort.qa.testcases.CheckOutPageTest" name="@BeforeMethod SetUp" time="-1.666610877294E9">
    <skipped/>
  </testcase> <!-- @BeforeMethod SetUp -->
  <testcase classname="com.ChaiPort.qa.testcases.CheckOutPageTest" name="@AfterMethod tearDown" time="-1.666610877314E9">
    <skipped/>
  </testcase> <!-- @AfterMethod tearDown -->
  <testcase classname="com.ChaiPort.qa.testcases.CheckOutPageTest" name="@BeforeMethod SetUp" time="-1.666610877321E9">
    <skipped/>
  </testcase> <!-- @BeforeMethod SetUp -->
  <testcase classname="com.ChaiPort.qa.testcases.CheckOutPageTest" name="@AfterMethod tearDown" time="-1.666610877332E9">
    <skipped/>
  </testcase> <!-- @AfterMethod tearDown -->
  <testcase classname="com.ChaiPort.qa.testcases.CheckOutPageTest" name="check" time="0.0">
    <skipped/>
  </testcase> <!-- check -->
  <testcase classname="com.ChaiPort.qa.testcases.CheckOutPageTest" name="VerificationCOD" time="0.0">
    <skipped/>
  </testcase> <!-- VerificationCOD -->
  <testcase classname="com.ChaiPort.qa.testcases.CheckOutPageTest" name="VerificationCreditCard" time="0.0">
    <skipped/>
  </testcase> <!-- VerificationCreditCard -->
  <testcase classname="com.ChaiPort.qa.testcases.CheckOutPageTest" name="VerificationBNPL" time="0.0">
    <skipped/>
  </testcase> <!-- VerificationBNPL -->
  <testcase classname="com.ChaiPort.qa.testcases.CheckOutPageTest" name="VerificationWallets" time="0.0">
    <skipped/>
  </testcase> <!-- VerificationWallets -->
</testsuite> <!-- Default test(failed) -->
